The target system is: Linux -  - aarch64
The host system is: Linux - 3.10.0-1160.42.2.el7.x86_64 - x86_64
Compiling the C compiler identification source file "CMakeCCompilerId.c" succeeded.
Compiler: /export/tmp/4205_37/opt/poky/sysroots/x86_64-pokysdk-linux/usr/bin/aarch64-poky-linux/aarch64-poky-linux-gcc --sysroot=/export/tmp/4205_37/opt/poky/sysroots/aarch64-poky-linux
Build flags: ;-O2;-pipe;-g;-feliminate-unused-debug-types;
Id flags: 

The output was:
0


Compilation of the C compiler identification source "CMakeCCompilerId.c" produced "a.out"

The C compiler identification is GNU, found in "/export/tmp/4205_37/Projet/ele4205_projet_aut2021_37/debug_oc2/CMakeFiles/3.4.3/CompilerIdC/a.out"

Compiling the CXX compiler identification source file "CMakeCXXCompilerId.cpp" succeeded.
Compiler: /export/tmp/4205_37/opt/poky/sysroots/x86_64-pokysdk-linux/usr/bin/aarch64-poky-linux/aarch64-poky-linux-g++ --sysroot=/export/tmp/4205_37/opt/poky/sysroots/aarch64-poky-linux
Build flags: ;-O2;-pipe;-g;-feliminate-unused-debug-types;
Id flags: 

The output was:
0


Compilation of the CXX compiler identification source "CMakeCXXCompilerId.cpp" produced "a.out"

The CXX compiler identification is GNU, found in "/export/tmp/4205_37/Projet/ele4205_projet_aut2021_37/debug_oc2/CMakeFiles/3.4.3/CompilerIdCXX/a.out"

Determining if the C compiler works passed with the following output:
Change Dir: /export/tmp/4205_37/Projet/ele4205_projet_aut2021_37/debug_oc2/CMakeFiles/CMakeTmp

Run Build Command:"/bin/gmake" "cmTC_d126f/fast"
/bin/gmake -f CMakeFiles/cmTC_d126f.dir/build.make CMakeFiles/cmTC_d126f.dir/build
gmake[1]: Entering directory `/export/tmp/4205_37/Projet/ele4205_projet_aut2021_37/debug_oc2/CMakeFiles/CMakeTmp'
Building C object CMakeFiles/cmTC_d126f.dir/testCCompiler.c.o
/export/tmp/4205_37/opt/poky/sysroots/x86_64-pokysdk-linux/usr/bin/aarch64-poky-linux/aarch64-poky-linux-gcc   --sysroot=/export/tmp/4205_37/opt/poky/sysroots/aarch64-poky-linux   -O2 -pipe -g -feliminate-unused-debug-types     -o CMakeFiles/cmTC_d126f.dir/testCCompiler.c.o   -c /export/tmp/4205_37/Projet/ele4205_projet_aut2021_37/debug_oc2/CMakeFiles/CMakeTmp/testCCompiler.c
Linking C executable cmTC_d126f
/export/tmp/4205_37/opt/poky/sysroots/x86_64-pokysdk-linux/usr/bin/cmake -E cmake_link_script CMakeFiles/cmTC_d126f.dir/link.txt --verbose=1
/export/tmp/4205_37/opt/poky/sysroots/x86_64-pokysdk-linux/usr/bin/aarch64-poky-linux/aarch64-poky-linux-gcc   --sysroot=/export/tmp/4205_37/opt/poky/sysroots/aarch64-poky-linux  -O2 -pipe -g -feliminate-unused-debug-types     -Wl,-O1 -Wl,--hash-style=gnu -Wl,--as-needed  CMakeFiles/cmTC_d126f.dir/testCCompiler.c.o  -o cmTC_d126f 
gmake[1]: Leaving directory `/export/tmp/4205_37/Projet/ele4205_projet_aut2021_37/debug_oc2/CMakeFiles/CMakeTmp'


Detecting C compiler ABI info compiled with the following output:
Change Dir: /export/tmp/4205_37/Projet/ele4205_projet_aut2021_37/debug_oc2/CMakeFiles/CMakeTmp

Run Build Command:"/bin/gmake" "cmTC_c5b1f/fast"
/bin/gmake -f CMakeFiles/cmTC_c5b1f.dir/build.make CMakeFiles/cmTC_c5b1f.dir/build
gmake[1]: Entering directory `/export/tmp/4205_37/Projet/ele4205_projet_aut2021_37/debug_oc2/CMakeFiles/CMakeTmp'
Building C object CMakeFiles/cmTC_c5b1f.dir/CMakeCCompilerABI.c.o
/export/tmp/4205_37/opt/poky/sysroots/x86_64-pokysdk-linux/usr/bin/aarch64-poky-linux/aarch64-poky-linux-gcc   --sysroot=/export/tmp/4205_37/opt/poky/sysroots/aarch64-poky-linux   -O2 -pipe -g -feliminate-unused-debug-types     -o CMakeFiles/cmTC_c5b1f.dir/CMakeCCompilerABI.c.o   -c /export/tmp/4205_37/opt/poky/sysroots/x86_64-pokysdk-linux/usr/share/cmake-3.4/Modules/CMakeCCompilerABI.c
Linking C executable cmTC_c5b1f
/export/tmp/4205_37/opt/poky/sysroots/x86_64-pokysdk-linux/usr/bin/cmake -E cmake_link_script CMakeFiles/cmTC_c5b1f.dir/link.txt --verbose=1
/export/tmp/4205_37/opt/poky/sysroots/x86_64-pokysdk-linux/usr/bin/aarch64-poky-linux/aarch64-poky-linux-gcc   --sysroot=/export/tmp/4205_37/opt/poky/sysroots/aarch64-poky-linux  -O2 -pipe -g -feliminate-unused-debug-types     -Wl,-O1 -Wl,--hash-style=gnu -Wl,--as-needed -v CMakeFiles/cmTC_c5b1f.dir/CMakeCCompilerABI.c.o  -o cmTC_c5b1f  
Using built-in specs.
COLLECT_GCC=/export/tmp/4205_37/opt/poky/sysroots/x86_64-pokysdk-linux/usr/bin/aarch64-poky-linux/aarch64-poky-linux-gcc
COLLECT_LTO_WRAPPER=/export/tmp/4205_37/opt/poky/sysroots/x86_64-pokysdk-linux/usr/libexec/aarch64-poky-linux/gcc/aarch64-poky-linux/5.3.0/lto-wrapper
Target: aarch64-poky-linux
Configured with: ../../../../../../work-shared/gcc-5.3.0-r0/gcc-5.3.0/configure --build=x86_64-linux --host=x86_64-pokysdk-linux --target=aarch64-poky-linux --prefix=/opt/poky/2.1.3/sysroots/x86_64-pokysdk-linux/usr --exec_prefix=/opt/poky/2.1.3/sysroots/x86_64-pokysdk-linux/usr --bindir=/opt/poky/2.1.3/sysroots/x86_64-pokysdk-linux/usr/bin/aarch64-poky-linux --sbindir=/opt/poky/2.1.3/sysroots/x86_64-pokysdk-linux/usr/bin/aarch64-poky-linux --libexecdir=/opt/poky/2.1.3/sysroots/x86_64-pokysdk-linux/usr/libexec/aarch64-poky-linux --datadir=/opt/poky/2.1.3/sysroots/x86_64-pokysdk-linux/usr/share --sysconfdir=/opt/poky/2.1.3/sysroots/x86_64-pokysdk-linux/etc --sharedstatedir=/opt/poky/2.1.3/sysroots/x86_64-pokysdk-linux/com --localstatedir=/opt/poky/2.1.3/sysroots/x86_64-pokysdk-linux/var --libdir=/opt/poky/2.1.3/sysroots/x86_64-pokysdk-linux/usr/lib/aarch64-poky-linux --includedir=/opt/poky/2.1.3/sysroots/x86_64-pokysdk-linux/usr/include --oldincludedir=/opt/poky/2.1.3/sysroots/x86_64-pokysdk-linux/usr/include --infodir=/opt/poky/2.1.3/sysroots/x86_64-pokysdk-linux/usr/share/info --mandir=/opt/poky/2.1.3/sysroots/x86_64-pokysdk-linux/usr/share/man --disable-silent-rules --disable-dependency-tracking --with-libtool-sysroot=/export/tmp/4205_nn/poky/build-oc2/tmp/sysroots/x86_64-nativesdk-pokysdk-linux --with-gnu-ld --enable-shared --enable-languages=c,c++ --enable-threads=posix --enable-multilib --enable-c99 --enable-long-long --enable-symvers=gnu --enable-libstdcxx-pch --program-prefix=aarch64-poky-linux- --without-local-prefix --enable-lto --enable-libssp --enable-libitm --disable-bootstrap --disable-libmudflap --with-system-zlib --with-linker-hash-style=gnu --enable-linker-build-id --with-ppl=no --with-cloog=no --enable-checking=release --enable-cheaders=c_global --without-isl --with-gxx-include-dir=/not/exist/usr/include/c++/5.3.0 --with-build-time-tools=/export/tmp/4205_nn/poky/build-oc2/tmp/sysroots/x86_64-linux/usr/aarch64-poky-linux/bin --with-sysroot=/not/exist --with-build-sysroot=/export/tmp/4205_nn/poky/build-oc2/tmp/sysroots/odroid-c2 --enable-poison-system-directories --with-mpfr=/export/tmp/4205_nn/poky/build-oc2/tmp/sysroots/x86_64-nativesdk-pokysdk-linux --with-mpc=/export/tmp/4205_nn/poky/build-oc2/tmp/sysroots/x86_64-nativesdk-pokysdk-linux --disable-static --enable-nls --enable-__cxa_atexit
Thread model: posix
gcc version 5.3.0 (GCC) 
COMPILER_PATH=/export/tmp/4205_37/opt/poky/sysroots/x86_64-pokysdk-linux/usr/libexec/aarch64-poky-linux/gcc/aarch64-poky-linux/5.3.0/:/export/tmp/4205_37/opt/poky/sysroots/x86_64-pokysdk-linux/usr/libexec/aarch64-poky-linux/gcc/aarch64-poky-linux/5.3.0/:/export/tmp/4205_37/opt/poky/sysroots/x86_64-pokysdk-linux/usr/libexec/aarch64-poky-linux/gcc/aarch64-poky-linux/:/export/tmp/4205_37/opt/poky/sysroots/x86_64-pokysdk-linux/usr/lib/aarch64-poky-linux/gcc/aarch64-poky-linux/5.3.0/:/export/tmp/4205_37/opt/poky/sysroots/x86_64-pokysdk-linux/usr/lib/aarch64-poky-linux/gcc/aarch64-poky-linux/
LIBRARY_PATH=/export/tmp/4205_37/opt/poky/sysroots/x86_64-pokysdk-linux/usr/lib/aarch64-poky-linux/gcc/aarch64-poky-linux/5.3.0/:/export/tmp/4205_37/opt/poky/sysroots/aarch64-poky-linux/lib/:/export/tmp/4205_37/opt/poky/sysroots/aarch64-poky-linux/usr/lib/aarch64-poky-linux/5.3.0/:/export/tmp/4205_37/opt/poky/sysroots/aarch64-poky-linux/usr/lib/
COLLECT_GCC_OPTIONS='--sysroot=/export/tmp/4205_37/opt/poky/sysroots/aarch64-poky-linux' '-O2' '-pipe' '-g' '-feliminate-unused-debug-types' '-v' '-o' 'cmTC_c5b1f' '-mlittle-endian' '-mabi=lp64'
 /export/tmp/4205_37/opt/poky/sysroots/x86_64-pokysdk-linux/usr/libexec/aarch64-poky-linux/gcc/aarch64-poky-linux/5.3.0/collect2 -plugin /export/tmp/4205_37/opt/poky/sysroots/x86_64-pokysdk-linux/usr/libexec/aarch64-poky-linux/gcc/aarch64-poky-linux/5.3.0/liblto_plugin.so -plugin-opt=/export/tmp/4205_37/opt/poky/sysroots/x86_64-pokysdk-linux/usr/libexec/aarch64-poky-linux/gcc/aarch64-poky-linux/5.3.0/lto-wrapper -plugin-opt=-fresolution=/tmp/cchkXdUh.res -plugin-opt=-pass-through=-lgcc -plugin-opt=-pass-through=-lgcc_s -plugin-opt=-pass-through=-lc -plugin-opt=-pass-through=-lgcc -plugin-opt=-pass-through=-lgcc_s --sysroot=/export/tmp/4205_37/opt/poky/sysroots/aarch64-poky-linux --build-id --eh-frame-hdr --hash-style=gnu -dynamic-linker /lib/ld-linux-aarch64.so.1 -X -EL -maarch64linux -o cmTC_c5b1f /export/tmp/4205_37/opt/poky/sysroots/aarch64-poky-linux/usr/lib/crt1.o /export/tmp/4205_37/opt/poky/sysroots/aarch64-poky-linux/usr/lib/crti.o /export/tmp/4205_37/opt/poky/sysroots/aarch64-poky-linux/usr/lib/aarch64-poky-linux/5.3.0/crtbegin.o -L/export/tmp/4205_37/opt/poky/sysroots/x86_64-pokysdk-linux/usr/lib/aarch64-poky-linux/gcc/aarch64-poky-linux/5.3.0 -L/export/tmp/4205_37/opt/poky/sysroots/aarch64-poky-linux/lib -L/export/tmp/4205_37/opt/poky/sysroots/aarch64-poky-linux/usr/lib/aarch64-poky-linux/5.3.0 -L/export/tmp/4205_37/opt/poky/sysroots/aarch64-poky-linux/usr/lib -O1 --hash-style=gnu --as-needed CMakeFiles/cmTC_c5b1f.dir/CMakeCCompilerABI.c.o -lgcc --as-needed -lgcc_s --no-as-needed -lc -lgcc --as-needed -lgcc_s --no-as-needed /export/tmp/4205_37/opt/poky/sysroots/aarch64-poky-linux/usr/lib/aarch64-poky-linux/5.3.0/crtend.o /export/tmp/4205_37/opt/poky/sysroots/aarch64-poky-linux/usr/lib/crtn.o
gmake[1]: Leaving directory `/export/tmp/4205_37/Projet/ele4205_projet_aut2021_37/debug_oc2/CMakeFiles/CMakeTmp'


Parsed C implicit link information from above output:
  link line regex: [^( *|.*[/\])(aarch64-poky-linux-ld|([^/\]+-)?ld|collect2)[^/\]*( |$)]
  ignore line: [Change Dir: /export/tmp/4205_37/Projet/ele4205_projet_aut2021_37/debug_oc2/CMakeFiles/CMakeTmp]
  ignore line: []
  ignore line: [Run Build Command:"/bin/gmake" "cmTC_c5b1f/fast"]
  ignore line: [/bin/gmake -f CMakeFiles/cmTC_c5b1f.dir/build.make CMakeFiles/cmTC_c5b1f.dir/build]
  ignore line: [gmake[1]: Entering directory `/export/tmp/4205_37/Projet/ele4205_projet_aut2021_37/debug_oc2/CMakeFiles/CMakeTmp']
  ignore line: [Building C object CMakeFiles/cmTC_c5b1f.dir/CMakeCCompilerABI.c.o]
  ignore line: [/export/tmp/4205_37/opt/poky/sysroots/x86_64-pokysdk-linux/usr/bin/aarch64-poky-linux/aarch64-poky-linux-gcc   --sysroot=/export/tmp/4205_37/opt/poky/sysroots/aarch64-poky-linux   -O2 -pipe -g -feliminate-unused-debug-types     -o CMakeFiles/cmTC_c5b1f.dir/CMakeCCompilerABI.c.o   -c /export/tmp/4205_37/opt/poky/sysroots/x86_64-pokysdk-linux/usr/share/cmake-3.4/Modules/CMakeCCompilerABI.c]
  ignore line: [Linking C executable cmTC_c5b1f]
  ignore line: [/export/tmp/4205_37/opt/poky/sysroots/x86_64-pokysdk-linux/usr/bin/cmake -E cmake_link_script CMakeFiles/cmTC_c5b1f.dir/link.txt --verbose=1]
  ignore line: [/export/tmp/4205_37/opt/poky/sysroots/x86_64-pokysdk-linux/usr/bin/aarch64-poky-linux/aarch64-poky-linux-gcc   --sysroot=/export/tmp/4205_37/opt/poky/sysroots/aarch64-poky-linux  -O2 -pipe -g -feliminate-unused-debug-types     -Wl,-O1 -Wl,--hash-style=gnu -Wl,--as-needed -v CMakeFiles/cmTC_c5b1f.dir/CMakeCCompilerABI.c.o  -o cmTC_c5b1f  ]
  ignore line: [Using built-in specs.]
  ignore line: [COLLECT_GCC=/export/tmp/4205_37/opt/poky/sysroots/x86_64-pokysdk-linux/usr/bin/aarch64-poky-linux/aarch64-poky-linux-gcc]
  ignore line: [COLLECT_LTO_WRAPPER=/export/tmp/4205_37/opt/poky/sysroots/x86_64-pokysdk-linux/usr/libexec/aarch64-poky-linux/gcc/aarch64-poky-linux/5.3.0/lto-wrapper]
  ignore line: [Target: aarch64-poky-linux]
  ignore line: [Configured with: ../../../../../../work-shared/gcc-5.3.0-r0/gcc-5.3.0/configure --build=x86_64-linux --host=x86_64-pokysdk-linux --target=aarch64-poky-linux --prefix=/opt/poky/2.1.3/sysroots/x86_64-pokysdk-linux/usr --exec_prefix=/opt/poky/2.1.3/sysroots/x86_64-pokysdk-linux/usr --bindir=/opt/poky/2.1.3/sysroots/x86_64-pokysdk-linux/usr/bin/aarch64-poky-linux --sbindir=/opt/poky/2.1.3/sysroots/x86_64-pokysdk-linux/usr/bin/aarch64-poky-linux --libexecdir=/opt/poky/2.1.3/sysroots/x86_64-pokysdk-linux/usr/libexec/aarch64-poky-linux --datadir=/opt/poky/2.1.3/sysroots/x86_64-pokysdk-linux/usr/share --sysconfdir=/opt/poky/2.1.3/sysroots/x86_64-pokysdk-linux/etc --sharedstatedir=/opt/poky/2.1.3/sysroots/x86_64-pokysdk-linux/com --localstatedir=/opt/poky/2.1.3/sysroots/x86_64-pokysdk-linux/var --libdir=/opt/poky/2.1.3/sysroots/x86_64-pokysdk-linux/usr/lib/aarch64-poky-linux --includedir=/opt/poky/2.1.3/sysroots/x86_64-pokysdk-linux/usr/include --oldincludedir=/opt/poky/2.1.3/sysroots/x86_64-pokysdk-linux/usr/include --infodir=/opt/poky/2.1.3/sysroots/x86_64-pokysdk-linux/usr/share/info --mandir=/opt/poky/2.1.3/sysroots/x86_64-pokysdk-linux/usr/share/man --disable-silent-rules --disable-dependency-tracking --with-libtool-sysroot=/export/tmp/4205_nn/poky/build-oc2/tmp/sysroots/x86_64-nativesdk-pokysdk-linux --with-gnu-ld --enable-shared --enable-languages=c,c++ --enable-threads=posix --enable-multilib --enable-c99 --enable-long-long --enable-symvers=gnu --enable-libstdcxx-pch --program-prefix=aarch64-poky-linux- --without-local-prefix --enable-lto --enable-libssp --enable-libitm --disable-bootstrap --disable-libmudflap --with-system-zlib --with-linker-hash-style=gnu --enable-linker-build-id --with-ppl=no --with-cloog=no --enable-checking=release --enable-cheaders=c_global --without-isl --with-gxx-include-dir=/not/exist/usr/include/c++/5.3.0 --with-build-time-tools=/export/tmp/4205_nn/poky/build-oc2/tmp/sysroots/x86_64-linux/usr/aarch64-poky-linux/bin --with-sysroot=/not/exist --with-build-sysroot=/export/tmp/4205_nn/poky/build-oc2/tmp/sysroots/odroid-c2 --enable-poison-system-directories --with-mpfr=/export/tmp/4205_nn/poky/build-oc2/tmp/sysroots/x86_64-nativesdk-pokysdk-linux --with-mpc=/export/tmp/4205_nn/poky/build-oc2/tmp/sysroots/x86_64-nativesdk-pokysdk-linux --disable-static --enable-nls --enable-__cxa_atexit]
  ignore line: [Thread model: posix]
  ignore line: [gcc version 5.3.0 (GCC) ]
  ignore line: [COMPILER_PATH=/export/tmp/4205_37/opt/poky/sysroots/x86_64-pokysdk-linux/usr/libexec/aarch64-poky-linux/gcc/aarch64-poky-linux/5.3.0/:/export/tmp/4205_37/opt/poky/sysroots/x86_64-pokysdk-linux/usr/libexec/aarch64-poky-linux/gcc/aarch64-poky-linux/5.3.0/:/export/tmp/4205_37/opt/poky/sysroots/x86_64-pokysdk-linux/usr/libexec/aarch64-poky-linux/gcc/aarch64-poky-linux/:/export/tmp/4205_37/opt/poky/sysroots/x86_64-pokysdk-linux/usr/lib/aarch64-poky-linux/gcc/aarch64-poky-linux/5.3.0/:/export/tmp/4205_37/opt/poky/sysroots/x86_64-pokysdk-linux/usr/lib/aarch64-poky-linux/gcc/aarch64-poky-linux/]
  ignore line: [LIBRARY_PATH=/export/tmp/4205_37/opt/poky/sysroots/x86_64-pokysdk-linux/usr/lib/aarch64-poky-linux/gcc/aarch64-poky-linux/5.3.0/:/export/tmp/4205_37/opt/poky/sysroots/aarch64-poky-linux/lib/:/export/tmp/4205_37/opt/poky/sysroots/aarch64-poky-linux/usr/lib/aarch64-poky-linux/5.3.0/:/export/tmp/4205_37/opt/poky/sysroots/aarch64-poky-linux/usr/lib/]
  ignore line: [COLLECT_GCC_OPTIONS='--sysroot=/export/tmp/4205_37/opt/poky/sysroots/aarch64-poky-linux' '-O2' '-pipe' '-g' '-feliminate-unused-debug-types' '-v' '-o' 'cmTC_c5b1f' '-mlittle-endian' '-mabi=lp64']
  link line: [ /export/tmp/4205_37/opt/poky/sysroots/x86_64-pokysdk-linux/usr/libexec/aarch64-poky-linux/gcc/aarch64-poky-linux/5.3.0/collect2 -plugin /export/tmp/4205_37/opt/poky/sysroots/x86_64-pokysdk-linux/usr/libexec/aarch64-poky-linux/gcc/aarch64-poky-linux/5.3.0/liblto_plugin.so -plugin-opt=/export/tmp/4205_37/opt/poky/sysroots/x86_64-pokysdk-linux/usr/libexec/aarch64-poky-linux/gcc/aarch64-poky-linux/5.3.0/lto-wrapper -plugin-opt=-fresolution=/tmp/cchkXdUh.res -plugin-opt=-pass-through=-lgcc -plugin-opt=-pass-through=-lgcc_s -plugin-opt=-pass-through=-lc -plugin-opt=-pass-through=-lgcc -plugin-opt=-pass-through=-lgcc_s --sysroot=/export/tmp/4205_37/opt/poky/sysroots/aarch64-poky-linux --build-id --eh-frame-hdr --hash-style=gnu -dynamic-linker /lib/ld-linux-aarch64.so.1 -X -EL -maarch64linux -o cmTC_c5b1f /export/tmp/4205_37/opt/poky/sysroots/aarch64-poky-linux/usr/lib/crt1.o /export/tmp/4205_37/opt/poky/sysroots/aarch64-poky-linux/usr/lib/crti.o /export/tmp/4205_37/opt/poky/sysroots/aarch64-poky-linux/usr/lib/aarch64-poky-linux/5.3.0/crtbegin.o -L/export/tmp/4205_37/opt/poky/sysroots/x86_64-pokysdk-linux/usr/lib/aarch64-poky-linux/gcc/aarch64-poky-linux/5.3.0 -L/export/tmp/4205_37/opt/poky/sysroots/aarch64-poky-linux/lib -L/export/tmp/4205_37/opt/poky/sysroots/aarch64-poky-linux/usr/lib/aarch64-poky-linux/5.3.0 -L/export/tmp/4205_37/opt/poky/sysroots/aarch64-poky-linux/usr/lib -O1 --hash-style=gnu --as-needed CMakeFiles/cmTC_c5b1f.dir/CMakeCCompilerABI.c.o -lgcc --as-needed -lgcc_s --no-as-needed -lc -lgcc --as-needed -lgcc_s --no-as-needed /export/tmp/4205_37/opt/poky/sysroots/aarch64-poky-linux/usr/lib/aarch64-poky-linux/5.3.0/crtend.o /export/tmp/4205_37/opt/poky/sysroots/aarch64-poky-linux/usr/lib/crtn.o]
    arg [/export/tmp/4205_37/opt/poky/sysroots/x86_64-pokysdk-linux/usr/libexec/aarch64-poky-linux/gcc/aarch64-poky-linux/5.3.0/collect2] ==> ignore
    arg [-plugin] ==> ignore
    arg [/export/tmp/4205_37/opt/poky/sysroots/x86_64-pokysdk-linux/usr/libexec/aarch64-poky-linux/gcc/aarch64-poky-linux/5.3.0/liblto_plugin.so] ==> ignore
    arg [-plugin-opt=/export/tmp/4205_37/opt/poky/sysroots/x86_64-pokysdk-linux/usr/libexec/aarch64-poky-linux/gcc/aarch64-poky-linux/5.3.0/lto-wrapper] ==> ignore
    arg [-plugin-opt=-fresolution=/tmp/cchkXdUh.res] ==> ignore
    arg [-plugin-opt=-pass-through=-lgcc] ==> ignore
    arg [-plugin-opt=-pass-through=-lgcc_s] ==> ignore
    arg [-plugin-opt=-pass-through=-lc] ==> ignore
    arg [-plugin-opt=-pass-through=-lgcc] ==> ignore
    arg [-plugin-opt=-pass-through=-lgcc_s] ==> ignore
    arg [--sysroot=/export/tmp/4205_37/opt/poky/sysroots/aarch64-poky-linux] ==> ignore
    arg [--build-id] ==> ignore
    arg [--eh-frame-hdr] ==> ignore
    arg [--hash-style=gnu] ==> ignore
    arg [-dynamic-linker] ==> ignore
    arg [/lib/ld-linux-aarch64.so.1] ==> ignore
    arg [-X] ==> ignore
    arg [-EL] ==> ignore
    arg [-maarch64linux] ==> ignore
    arg [-o] ==> ignore
    arg [cmTC_c5b1f] ==> ignore
    arg [/export/tmp/4205_37/opt/poky/sysroots/aarch64-poky-linux/usr/lib/crt1.o] ==> ignore
    arg [/export/tmp/4205_37/opt/poky/sysroots/aarch64-poky-linux/usr/lib/crti.o] ==> ignore
    arg [/export/tmp/4205_37/opt/poky/sysroots/aarch64-poky-linux/usr/lib/aarch64-poky-linux/5.3.0/crtbegin.o] ==> ignore
    arg [-L/export/tmp/4205_37/opt/poky/sysroots/x86_64-pokysdk-linux/usr/lib/aarch64-poky-linux/gcc/aarch64-poky-linux/5.3.0] ==> dir [/export/tmp/4205_37/opt/poky/sysroots/x86_64-pokysdk-linux/usr/lib/aarch64-poky-linux/gcc/aarch64-poky-linux/5.3.0]
    arg [-L/export/tmp/4205_37/opt/poky/sysroots/aarch64-poky-linux/lib] ==> dir [/export/tmp/4205_37/opt/poky/sysroots/aarch64-poky-linux/lib]
    arg [-L/export/tmp/4205_37/opt/poky/sysroots/aarch64-poky-linux/usr/lib/aarch64-poky-linux/5.3.0] ==> dir [/export/tmp/4205_37/opt/poky/sysroots/aarch64-poky-linux/usr/lib/aarch64-poky-linux/5.3.0]
    arg [-L/export/tmp/4205_37/opt/poky/sysroots/aarch64-poky-linux/usr/lib] ==> dir [/export/tmp/4205_37/opt/poky/sysroots/aarch64-poky-linux/usr/lib]
    arg [-O1] ==> ignore
    arg [--hash-style=gnu] ==> ignore
    arg [--as-needed] ==> ignore
    arg [CMakeFiles/cmTC_c5b1f.dir/CMakeCCompilerABI.c.o] ==> ignore
    arg [-lgcc] ==> lib [gcc]
    arg [--as-needed] ==> ignore
    arg [-lgcc_s] ==> lib [gcc_s]
    arg [--no-as-needed] ==> ignore
    arg [-lc] ==> lib [c]
    arg [-lgcc] ==> lib [gcc]
    arg [--as-needed] ==> ignore
    arg [-lgcc_s] ==> lib [gcc_s]
    arg [--no-as-needed] ==> ignore
    arg [/export/tmp/4205_37/opt/poky/sysroots/aarch64-poky-linux/usr/lib/aarch64-poky-linux/5.3.0/crtend.o] ==> ignore
    arg [/export/tmp/4205_37/opt/poky/sysroots/aarch64-poky-linux/usr/lib/crtn.o] ==> ignore
  remove lib [gcc]
  remove lib [gcc_s]
  remove lib [gcc]
  remove lib [gcc_s]
  collapse library dir [/export/tmp/4205_37/opt/poky/sysroots/x86_64-pokysdk-linux/usr/lib/aarch64-poky-linux/gcc/aarch64-poky-linux/5.3.0] ==> [/export/tmp/4205_37/opt/poky/sysroots/x86_64-pokysdk-linux/usr/lib/aarch64-poky-linux/gcc/aarch64-poky-linux/5.3.0]
  collapse library dir [/export/tmp/4205_37/opt/poky/sysroots/aarch64-poky-linux/lib] ==> [/export/tmp/4205_37/opt/poky/sysroots/aarch64-poky-linux/lib]
  collapse library dir [/export/tmp/4205_37/opt/poky/sysroots/aarch64-poky-linux/usr/lib/aarch64-poky-linux/5.3.0] ==> [/export/tmp/4205_37/opt/poky/sysroots/aarch64-poky-linux/usr/lib/aarch64-poky-linux/5.3.0]
  collapse library dir [/export/tmp/4205_37/opt/poky/sysroots/aarch64-poky-linux/usr/lib] ==> [/export/tmp/4205_37/opt/poky/sysroots/aarch64-poky-linux/usr/lib]
  implicit libs: [c]
  implicit dirs: [/export/tmp/4205_37/opt/poky/sysroots/x86_64-pokysdk-linux/usr/lib/aarch64-poky-linux/gcc/aarch64-poky-linux/5.3.0;/export/tmp/4205_37/opt/poky/sysroots/aarch64-poky-linux/lib;/export/tmp/4205_37/opt/poky/sysroots/aarch64-poky-linux/usr/lib/aarch64-poky-linux/5.3.0;/export/tmp/4205_37/opt/poky/sysroots/aarch64-poky-linux/usr/lib]
  implicit fwks: []




Detecting C [-std=c11] compiler features compiled with the following output:
Change Dir: /export/tmp/4205_37/Projet/ele4205_projet_aut2021_37/debug_oc2/CMakeFiles/CMakeTmp

Run Build Command:"/bin/gmake" "cmTC_2db92/fast"
/bin/gmake -f CMakeFiles/cmTC_2db92.dir/build.make CMakeFiles/cmTC_2db92.dir/build
gmake[1]: Entering directory `/export/tmp/4205_37/Projet/ele4205_projet_aut2021_37/debug_oc2/CMakeFiles/CMakeTmp'
Building C object CMakeFiles/cmTC_2db92.dir/feature_tests.c.o
/export/tmp/4205_37/opt/poky/sysroots/x86_64-pokysdk-linux/usr/bin/aarch64-poky-linux/aarch64-poky-linux-gcc   --sysroot=/export/tmp/4205_37/opt/poky/sysroots/aarch64-poky-linux   -O2 -pipe -g -feliminate-unused-debug-types     -std=c11 -o CMakeFiles/cmTC_2db92.dir/feature_tests.c.o   -c /export/tmp/4205_37/Projet/ele4205_projet_aut2021_37/debug_oc2/CMakeFiles/feature_tests.c
Linking C executable cmTC_2db92
/export/tmp/4205_37/opt/poky/sysroots/x86_64-pokysdk-linux/usr/bin/cmake -E cmake_link_script CMakeFiles/cmTC_2db92.dir/link.txt --verbose=1
/export/tmp/4205_37/opt/poky/sysroots/x86_64-pokysdk-linux/usr/bin/aarch64-poky-linux/aarch64-poky-linux-gcc   --sysroot=/export/tmp/4205_37/opt/poky/sysroots/aarch64-poky-linux  -O2 -pipe -g -feliminate-unused-debug-types     -Wl,-O1 -Wl,--hash-style=gnu -Wl,--as-needed  CMakeFiles/cmTC_2db92.dir/feature_tests.c.o  -o cmTC_2db92 
gmake[1]: Leaving directory `/export/tmp/4205_37/Projet/ele4205_projet_aut2021_37/debug_oc2/CMakeFiles/CMakeTmp'


    Feature record: C_FEATURE:1c_function_prototypes
    Feature record: C_FEATURE:1c_restrict
    Feature record: C_FEATURE:1c_static_assert
    Feature record: C_FEATURE:1c_variadic_macros


Detecting C [-std=c99] compiler features compiled with the following output:
Change Dir: /export/tmp/4205_37/Projet/ele4205_projet_aut2021_37/debug_oc2/CMakeFiles/CMakeTmp

Run Build Command:"/bin/gmake" "cmTC_0c612/fast"
/bin/gmake -f CMakeFiles/cmTC_0c612.dir/build.make CMakeFiles/cmTC_0c612.dir/build
gmake[1]: Entering directory `/export/tmp/4205_37/Projet/ele4205_projet_aut2021_37/debug_oc2/CMakeFiles/CMakeTmp'
Building C object CMakeFiles/cmTC_0c612.dir/feature_tests.c.o
/export/tmp/4205_37/opt/poky/sysroots/x86_64-pokysdk-linux/usr/bin/aarch64-poky-linux/aarch64-poky-linux-gcc   --sysroot=/export/tmp/4205_37/opt/poky/sysroots/aarch64-poky-linux   -O2 -pipe -g -feliminate-unused-debug-types     -std=c99 -o CMakeFiles/cmTC_0c612.dir/feature_tests.c.o   -c /export/tmp/4205_37/Projet/ele4205_projet_aut2021_37/debug_oc2/CMakeFiles/feature_tests.c
Linking C executable cmTC_0c612
/export/tmp/4205_37/opt/poky/sysroots/x86_64-pokysdk-linux/usr/bin/cmake -E cmake_link_script CMakeFiles/cmTC_0c612.dir/link.txt --verbose=1
/export/tmp/4205_37/opt/poky/sysroots/x86_64-pokysdk-linux/usr/bin/aarch64-poky-linux/aarch64-poky-linux-gcc   --sysroot=/export/tmp/4205_37/opt/poky/sysroots/aarch64-poky-linux  -O2 -pipe -g -feliminate-unused-debug-types     -Wl,-O1 -Wl,--hash-style=gnu -Wl,--as-needed  CMakeFiles/cmTC_0c612.dir/feature_tests.c.o  -o cmTC_0c612 
gmake[1]: Leaving directory `/export/tmp/4205_37/Projet/ele4205_projet_aut2021_37/debug_oc2/CMakeFiles/CMakeTmp'


    Feature record: C_FEATURE:1c_function_prototypes
    Feature record: C_FEATURE:1c_restrict
    Feature record: C_FEATURE:0c_static_assert
    Feature record: C_FEATURE:1c_variadic_macros


Detecting C [-std=c90] compiler features compiled with the following output:
Change Dir: /export/tmp/4205_37/Projet/ele4205_projet_aut2021_37/debug_oc2/CMakeFiles/CMakeTmp

Run Build Command:"/bin/gmake" "cmTC_03bdc/fast"
/bin/gmake -f CMakeFiles/cmTC_03bdc.dir/build.make CMakeFiles/cmTC_03bdc.dir/build
gmake[1]: Entering directory `/export/tmp/4205_37/Projet/ele4205_projet_aut2021_37/debug_oc2/CMakeFiles/CMakeTmp'
Building C object CMakeFiles/cmTC_03bdc.dir/feature_tests.c.o
/export/tmp/4205_37/opt/poky/sysroots/x86_64-pokysdk-linux/usr/bin/aarch64-poky-linux/aarch64-poky-linux-gcc   --sysroot=/export/tmp/4205_37/opt/poky/sysroots/aarch64-poky-linux   -O2 -pipe -g -feliminate-unused-debug-types     -std=c90 -o CMakeFiles/cmTC_03bdc.dir/feature_tests.c.o   -c /export/tmp/4205_37/Projet/ele4205_projet_aut2021_37/debug_oc2/CMakeFiles/feature_tests.c
Linking C executable cmTC_03bdc
/export/tmp/4205_37/opt/poky/sysroots/x86_64-pokysdk-linux/usr/bin/cmake -E cmake_link_script CMakeFiles/cmTC_03bdc.dir/link.txt --verbose=1
/export/tmp/4205_37/opt/poky/sysroots/x86_64-pokysdk-linux/usr/bin/aarch64-poky-linux/aarch64-poky-linux-gcc   --sysroot=/export/tmp/4205_37/opt/poky/sysroots/aarch64-poky-linux  -O2 -pipe -g -feliminate-unused-debug-types     -Wl,-O1 -Wl,--hash-style=gnu -Wl,--as-needed  CMakeFiles/cmTC_03bdc.dir/feature_tests.c.o  -o cmTC_03bdc 
gmake[1]: Leaving directory `/export/tmp/4205_37/Projet/ele4205_projet_aut2021_37/debug_oc2/CMakeFiles/CMakeTmp'


    Feature record: C_FEATURE:1c_function_prototypes
    Feature record: C_FEATURE:0c_restrict
    Feature record: C_FEATURE:0c_static_assert
    Feature record: C_FEATURE:0c_variadic_macros
Determining if the CXX compiler works passed with the following output:
Change Dir: /export/tmp/4205_37/Projet/ele4205_projet_aut2021_37/debug_oc2/CMakeFiles/CMakeTmp

Run Build Command:"/bin/gmake" "cmTC_d8fb8/fast"
/bin/gmake -f CMakeFiles/cmTC_d8fb8.dir/build.make CMakeFiles/cmTC_d8fb8.dir/build
gmake[1]: Entering directory `/export/tmp/4205_37/Projet/ele4205_projet_aut2021_37/debug_oc2/CMakeFiles/CMakeTmp'
Building CXX object CMakeFiles/cmTC_d8fb8.dir/testCXXCompiler.cxx.o
/export/tmp/4205_37/opt/poky/sysroots/x86_64-pokysdk-linux/usr/bin/aarch64-poky-linux/aarch64-poky-linux-g++   --sysroot=/export/tmp/4205_37/opt/poky/sysroots/aarch64-poky-linux    -O2 -pipe -g -feliminate-unused-debug-types     -o CMakeFiles/cmTC_d8fb8.dir/testCXXCompiler.cxx.o -c /export/tmp/4205_37/Projet/ele4205_projet_aut2021_37/debug_oc2/CMakeFiles/CMakeTmp/testCXXCompiler.cxx
Linking CXX executable cmTC_d8fb8
/export/tmp/4205_37/opt/poky/sysroots/x86_64-pokysdk-linux/usr/bin/cmake -E cmake_link_script CMakeFiles/cmTC_d8fb8.dir/link.txt --verbose=1
/export/tmp/4205_37/opt/poky/sysroots/x86_64-pokysdk-linux/usr/bin/aarch64-poky-linux/aarch64-poky-linux-g++   --sysroot=/export/tmp/4205_37/opt/poky/sysroots/aarch64-poky-linux   -O2 -pipe -g -feliminate-unused-debug-types     -Wl,-O1 -Wl,--hash-style=gnu -Wl,--as-needed  CMakeFiles/cmTC_d8fb8.dir/testCXXCompiler.cxx.o  -o cmTC_d8fb8 
gmake[1]: Leaving directory `/export/tmp/4205_37/Projet/ele4205_projet_aut2021_37/debug_oc2/CMakeFiles/CMakeTmp'


Detecting CXX compiler ABI info compiled with the following output:
Change Dir: /export/tmp/4205_37/Projet/ele4205_projet_aut2021_37/debug_oc2/CMakeFiles/CMakeTmp

Run Build Command:"/bin/gmake" "cmTC_fa001/fast"
/bin/gmake -f CMakeFiles/cmTC_fa001.dir/build.make CMakeFiles/cmTC_fa001.dir/build
gmake[1]: Entering directory `/export/tmp/4205_37/Projet/ele4205_projet_aut2021_37/debug_oc2/CMakeFiles/CMakeTmp'
Building CXX object CMakeFiles/cmTC_fa001.dir/CMakeCXXCompilerABI.cpp.o
/export/tmp/4205_37/opt/poky/sysroots/x86_64-pokysdk-linux/usr/bin/aarch64-poky-linux/aarch64-poky-linux-g++   --sysroot=/export/tmp/4205_37/opt/poky/sysroots/aarch64-poky-linux    -O2 -pipe -g -feliminate-unused-debug-types     -o CMakeFiles/cmTC_fa001.dir/CMakeCXXCompilerABI.cpp.o -c /export/tmp/4205_37/opt/poky/sysroots/x86_64-pokysdk-linux/usr/share/cmake-3.4/Modules/CMakeCXXCompilerABI.cpp
Linking CXX executable cmTC_fa001
/export/tmp/4205_37/opt/poky/sysroots/x86_64-pokysdk-linux/usr/bin/cmake -E cmake_link_script CMakeFiles/cmTC_fa001.dir/link.txt --verbose=1
/export/tmp/4205_37/opt/poky/sysroots/x86_64-pokysdk-linux/usr/bin/aarch64-poky-linux/aarch64-poky-linux-g++   --sysroot=/export/tmp/4205_37/opt/poky/sysroots/aarch64-poky-linux   -O2 -pipe -g -feliminate-unused-debug-types     -Wl,-O1 -Wl,--hash-style=gnu -Wl,--as-needed -v CMakeFiles/cmTC_fa001.dir/CMakeCXXCompilerABI.cpp.o  -o cmTC_fa001  
Using built-in specs.
COLLECT_GCC=/export/tmp/4205_37/opt/poky/sysroots/x86_64-pokysdk-linux/usr/bin/aarch64-poky-linux/aarch64-poky-linux-g++
COLLECT_LTO_WRAPPER=/export/tmp/4205_37/opt/poky/sysroots/x86_64-pokysdk-linux/usr/libexec/aarch64-poky-linux/gcc/aarch64-poky-linux/5.3.0/lto-wrapper
Target: aarch64-poky-linux
Configured with: ../../../../../../work-shared/gcc-5.3.0-r0/gcc-5.3.0/configure --build=x86_64-linux --host=x86_64-pokysdk-linux --target=aarch64-poky-linux --prefix=/opt/poky/2.1.3/sysroots/x86_64-pokysdk-linux/usr --exec_prefix=/opt/poky/2.1.3/sysroots/x86_64-pokysdk-linux/usr --bindir=/opt/poky/2.1.3/sysroots/x86_64-pokysdk-linux/usr/bin/aarch64-poky-linux --sbindir=/opt/poky/2.1.3/sysroots/x86_64-pokysdk-linux/usr/bin/aarch64-poky-linux --libexecdir=/opt/poky/2.1.3/sysroots/x86_64-pokysdk-linux/usr/libexec/aarch64-poky-linux --datadir=/opt/poky/2.1.3/sysroots/x86_64-pokysdk-linux/usr/share --sysconfdir=/opt/poky/2.1.3/sysroots/x86_64-pokysdk-linux/etc --sharedstatedir=/opt/poky/2.1.3/sysroots/x86_64-pokysdk-linux/com --localstatedir=/opt/poky/2.1.3/sysroots/x86_64-pokysdk-linux/var --libdir=/opt/poky/2.1.3/sysroots/x86_64-pokysdk-linux/usr/lib/aarch64-poky-linux --includedir=/opt/poky/2.1.3/sysroots/x86_64-pokysdk-linux/usr/include --oldincludedir=/opt/poky/2.1.3/sysroots/x86_64-pokysdk-linux/usr/include --infodir=/opt/poky/2.1.3/sysroots/x86_64-pokysdk-linux/usr/share/info --mandir=/opt/poky/2.1.3/sysroots/x86_64-pokysdk-linux/usr/share/man --disable-silent-rules --disable-dependency-tracking --with-libtool-sysroot=/export/tmp/4205_nn/poky/build-oc2/tmp/sysroots/x86_64-nativesdk-pokysdk-linux --with-gnu-ld --enable-shared --enable-languages=c,c++ --enable-threads=posix --enable-multilib --enable-c99 --enable-long-long --enable-symvers=gnu --enable-libstdcxx-pch --program-prefix=aarch64-poky-linux- --without-local-prefix --enable-lto --enable-libssp --enable-libitm --disable-bootstrap --disable-libmudflap --with-system-zlib --with-linker-hash-style=gnu --enable-linker-build-id --with-ppl=no --with-cloog=no --enable-checking=release --enable-cheaders=c_global --without-isl --with-gxx-include-dir=/not/exist/usr/include/c++/5.3.0 --with-build-time-tools=/export/tmp/4205_nn/poky/build-oc2/tmp/sysroots/x86_64-linux/usr/aarch64-poky-linux/bin --with-sysroot=/not/exist --with-build-sysroot=/export/tmp/4205_nn/poky/build-oc2/tmp/sysroots/odroid-c2 --enable-poison-system-directories --with-mpfr=/export/tmp/4205_nn/poky/build-oc2/tmp/sysroots/x86_64-nativesdk-pokysdk-linux --with-mpc=/export/tmp/4205_nn/poky/build-oc2/tmp/sysroots/x86_64-nativesdk-pokysdk-linux --disable-static --enable-nls --enable-__cxa_atexit
Thread model: posix
gcc version 5.3.0 (GCC) 
COMPILER_PATH=/export/tmp/4205_37/opt/poky/sysroots/x86_64-pokysdk-linux/usr/libexec/aarch64-poky-linux/gcc/aarch64-poky-linux/5.3.0/:/export/tmp/4205_37/opt/poky/sysroots/x86_64-pokysdk-linux/usr/libexec/aarch64-poky-linux/gcc/aarch64-poky-linux/5.3.0/:/export/tmp/4205_37/opt/poky/sysroots/x86_64-pokysdk-linux/usr/libexec/aarch64-poky-linux/gcc/aarch64-poky-linux/:/export/tmp/4205_37/opt/poky/sysroots/x86_64-pokysdk-linux/usr/lib/aarch64-poky-linux/gcc/aarch64-poky-linux/5.3.0/:/export/tmp/4205_37/opt/poky/sysroots/x86_64-pokysdk-linux/usr/lib/aarch64-poky-linux/gcc/aarch64-poky-linux/
LIBRARY_PATH=/export/tmp/4205_37/opt/poky/sysroots/x86_64-pokysdk-linux/usr/lib/aarch64-poky-linux/gcc/aarch64-poky-linux/5.3.0/:/export/tmp/4205_37/opt/poky/sysroots/aarch64-poky-linux/lib/:/export/tmp/4205_37/opt/poky/sysroots/aarch64-poky-linux/usr/lib/aarch64-poky-linux/5.3.0/:/export/tmp/4205_37/opt/poky/sysroots/aarch64-poky-linux/usr/lib/
COLLECT_GCC_OPTIONS='--sysroot=/export/tmp/4205_37/opt/poky/sysroots/aarch64-poky-linux' '-O2' '-pipe' '-g' '-feliminate-unused-debug-types' '-v' '-o' 'cmTC_fa001' '-shared-libgcc' '-mlittle-endian' '-mabi=lp64'
 /export/tmp/4205_37/opt/poky/sysroots/x86_64-pokysdk-linux/usr/libexec/aarch64-poky-linux/gcc/aarch64-poky-linux/5.3.0/collect2 -plugin /export/tmp/4205_37/opt/poky/sysroots/x86_64-pokysdk-linux/usr/libexec/aarch64-poky-linux/gcc/aarch64-poky-linux/5.3.0/liblto_plugin.so -plugin-opt=/export/tmp/4205_37/opt/poky/sysroots/x86_64-pokysdk-linux/usr/libexec/aarch64-poky-linux/gcc/aarch64-poky-linux/5.3.0/lto-wrapper -plugin-opt=-fresolution=/tmp/ccsKZfCr.res -plugin-opt=-pass-through=-lgcc_s -plugin-opt=-pass-through=-lgcc -plugin-opt=-pass-through=-lc -plugin-opt=-pass-through=-lgcc_s -plugin-opt=-pass-through=-lgcc --sysroot=/export/tmp/4205_37/opt/poky/sysroots/aarch64-poky-linux --build-id --eh-frame-hdr --hash-style=gnu -dynamic-linker /lib/ld-linux-aarch64.so.1 -X -EL -maarch64linux -o cmTC_fa001 /export/tmp/4205_37/opt/poky/sysroots/aarch64-poky-linux/usr/lib/crt1.o /export/tmp/4205_37/opt/poky/sysroots/aarch64-poky-linux/usr/lib/crti.o /export/tmp/4205_37/opt/poky/sysroots/aarch64-poky-linux/usr/lib/aarch64-poky-linux/5.3.0/crtbegin.o -L/export/tmp/4205_37/opt/poky/sysroots/x86_64-pokysdk-linux/usr/lib/aarch64-poky-linux/gcc/aarch64-poky-linux/5.3.0 -L/export/tmp/4205_37/opt/poky/sysroots/aarch64-poky-linux/lib -L/export/tmp/4205_37/opt/poky/sysroots/aarch64-poky-linux/usr/lib/aarch64-poky-linux/5.3.0 -L/export/tmp/4205_37/opt/poky/sysroots/aarch64-poky-linux/usr/lib -O1 --hash-style=gnu --as-needed CMakeFiles/cmTC_fa001.dir/CMakeCXXCompilerABI.cpp.o -lstdc++ -lm -lgcc_s -lgcc -lc -lgcc_s -lgcc /export/tmp/4205_37/opt/poky/sysroots/aarch64-poky-linux/usr/lib/aarch64-poky-linux/5.3.0/crtend.o /export/tmp/4205_37/opt/poky/sysroots/aarch64-poky-linux/usr/lib/crtn.o
gmake[1]: Leaving directory `/export/tmp/4205_37/Projet/ele4205_projet_aut2021_37/debug_oc2/CMakeFiles/CMakeTmp'


Parsed CXX implicit link information from above output:
  link line regex: [^( *|.*[/\])(aarch64-poky-linux-ld|([^/\]+-)?ld|collect2)[^/\]*( |$)]
  ignore line: [Change Dir: /export/tmp/4205_37/Projet/ele4205_projet_aut2021_37/debug_oc2/CMakeFiles/CMakeTmp]
  ignore line: []
  ignore line: [Run Build Command:"/bin/gmake" "cmTC_fa001/fast"]
  ignore line: [/bin/gmake -f CMakeFiles/cmTC_fa001.dir/build.make CMakeFiles/cmTC_fa001.dir/build]
  ignore line: [gmake[1]: Entering directory `/export/tmp/4205_37/Projet/ele4205_projet_aut2021_37/debug_oc2/CMakeFiles/CMakeTmp']
  ignore line: [Building CXX object CMakeFiles/cmTC_fa001.dir/CMakeCXXCompilerABI.cpp.o]
  ignore line: [/export/tmp/4205_37/opt/poky/sysroots/x86_64-pokysdk-linux/usr/bin/aarch64-poky-linux/aarch64-poky-linux-g++   --sysroot=/export/tmp/4205_37/opt/poky/sysroots/aarch64-poky-linux    -O2 -pipe -g -feliminate-unused-debug-types     -o CMakeFiles/cmTC_fa001.dir/CMakeCXXCompilerABI.cpp.o -c /export/tmp/4205_37/opt/poky/sysroots/x86_64-pokysdk-linux/usr/share/cmake-3.4/Modules/CMakeCXXCompilerABI.cpp]
  ignore line: [Linking CXX executable cmTC_fa001]
  ignore line: [/export/tmp/4205_37/opt/poky/sysroots/x86_64-pokysdk-linux/usr/bin/cmake -E cmake_link_script CMakeFiles/cmTC_fa001.dir/link.txt --verbose=1]
  ignore line: [/export/tmp/4205_37/opt/poky/sysroots/x86_64-pokysdk-linux/usr/bin/aarch64-poky-linux/aarch64-poky-linux-g++   --sysroot=/export/tmp/4205_37/opt/poky/sysroots/aarch64-poky-linux   -O2 -pipe -g -feliminate-unused-debug-types     -Wl,-O1 -Wl,--hash-style=gnu -Wl,--as-needed -v CMakeFiles/cmTC_fa001.dir/CMakeCXXCompilerABI.cpp.o  -o cmTC_fa001  ]
  ignore line: [Using built-in specs.]
  ignore line: [COLLECT_GCC=/export/tmp/4205_37/opt/poky/sysroots/x86_64-pokysdk-linux/usr/bin/aarch64-poky-linux/aarch64-poky-linux-g++]
  ignore line: [COLLECT_LTO_WRAPPER=/export/tmp/4205_37/opt/poky/sysroots/x86_64-pokysdk-linux/usr/libexec/aarch64-poky-linux/gcc/aarch64-poky-linux/5.3.0/lto-wrapper]
  ignore line: [Target: aarch64-poky-linux]
  ignore line: [Configured with: ../../../../../../work-shared/gcc-5.3.0-r0/gcc-5.3.0/configure --build=x86_64-linux --host=x86_64-pokysdk-linux --target=aarch64-poky-linux --prefix=/opt/poky/2.1.3/sysroots/x86_64-pokysdk-linux/usr --exec_prefix=/opt/poky/2.1.3/sysroots/x86_64-pokysdk-linux/usr --bindir=/opt/poky/2.1.3/sysroots/x86_64-pokysdk-linux/usr/bin/aarch64-poky-linux --sbindir=/opt/poky/2.1.3/sysroots/x86_64-pokysdk-linux/usr/bin/aarch64-poky-linux --libexecdir=/opt/poky/2.1.3/sysroots/x86_64-pokysdk-linux/usr/libexec/aarch64-poky-linux --datadir=/opt/poky/2.1.3/sysroots/x86_64-pokysdk-linux/usr/share --sysconfdir=/opt/poky/2.1.3/sysroots/x86_64-pokysdk-linux/etc --sharedstatedir=/opt/poky/2.1.3/sysroots/x86_64-pokysdk-linux/com --localstatedir=/opt/poky/2.1.3/sysroots/x86_64-pokysdk-linux/var --libdir=/opt/poky/2.1.3/sysroots/x86_64-pokysdk-linux/usr/lib/aarch64-poky-linux --includedir=/opt/poky/2.1.3/sysroots/x86_64-pokysdk-linux/usr/include --oldincludedir=/opt/poky/2.1.3/sysroots/x86_64-pokysdk-linux/usr/include --infodir=/opt/poky/2.1.3/sysroots/x86_64-pokysdk-linux/usr/share/info --mandir=/opt/poky/2.1.3/sysroots/x86_64-pokysdk-linux/usr/share/man --disable-silent-rules --disable-dependency-tracking --with-libtool-sysroot=/export/tmp/4205_nn/poky/build-oc2/tmp/sysroots/x86_64-nativesdk-pokysdk-linux --with-gnu-ld --enable-shared --enable-languages=c,c++ --enable-threads=posix --enable-multilib --enable-c99 --enable-long-long --enable-symvers=gnu --enable-libstdcxx-pch --program-prefix=aarch64-poky-linux- --without-local-prefix --enable-lto --enable-libssp --enable-libitm --disable-bootstrap --disable-libmudflap --with-system-zlib --with-linker-hash-style=gnu --enable-linker-build-id --with-ppl=no --with-cloog=no --enable-checking=release --enable-cheaders=c_global --without-isl --with-gxx-include-dir=/not/exist/usr/include/c++/5.3.0 --with-build-time-tools=/export/tmp/4205_nn/poky/build-oc2/tmp/sysroots/x86_64-linux/usr/aarch64-poky-linux/bin --with-sysroot=/not/exist --with-build-sysroot=/export/tmp/4205_nn/poky/build-oc2/tmp/sysroots/odroid-c2 --enable-poison-system-directories --with-mpfr=/export/tmp/4205_nn/poky/build-oc2/tmp/sysroots/x86_64-nativesdk-pokysdk-linux --with-mpc=/export/tmp/4205_nn/poky/build-oc2/tmp/sysroots/x86_64-nativesdk-pokysdk-linux --disable-static --enable-nls --enable-__cxa_atexit]
  ignore line: [Thread model: posix]
  ignore line: [gcc version 5.3.0 (GCC) ]
  ignore line: [COMPILER_PATH=/export/tmp/4205_37/opt/poky/sysroots/x86_64-pokysdk-linux/usr/libexec/aarch64-poky-linux/gcc/aarch64-poky-linux/5.3.0/:/export/tmp/4205_37/opt/poky/sysroots/x86_64-pokysdk-linux/usr/libexec/aarch64-poky-linux/gcc/aarch64-poky-linux/5.3.0/:/export/tmp/4205_37/opt/poky/sysroots/x86_64-pokysdk-linux/usr/libexec/aarch64-poky-linux/gcc/aarch64-poky-linux/:/export/tmp/4205_37/opt/poky/sysroots/x86_64-pokysdk-linux/usr/lib/aarch64-poky-linux/gcc/aarch64-poky-linux/5.3.0/:/export/tmp/4205_37/opt/poky/sysroots/x86_64-pokysdk-linux/usr/lib/aarch64-poky-linux/gcc/aarch64-poky-linux/]
  ignore line: [LIBRARY_PATH=/export/tmp/4205_37/opt/poky/sysroots/x86_64-pokysdk-linux/usr/lib/aarch64-poky-linux/gcc/aarch64-poky-linux/5.3.0/:/export/tmp/4205_37/opt/poky/sysroots/aarch64-poky-linux/lib/:/export/tmp/4205_37/opt/poky/sysroots/aarch64-poky-linux/usr/lib/aarch64-poky-linux/5.3.0/:/export/tmp/4205_37/opt/poky/sysroots/aarch64-poky-linux/usr/lib/]
  ignore line: [COLLECT_GCC_OPTIONS='--sysroot=/export/tmp/4205_37/opt/poky/sysroots/aarch64-poky-linux' '-O2' '-pipe' '-g' '-feliminate-unused-debug-types' '-v' '-o' 'cmTC_fa001' '-shared-libgcc' '-mlittle-endian' '-mabi=lp64']
  link line: [ /export/tmp/4205_37/opt/poky/sysroots/x86_64-pokysdk-linux/usr/libexec/aarch64-poky-linux/gcc/aarch64-poky-linux/5.3.0/collect2 -plugin /export/tmp/4205_37/opt/poky/sysroots/x86_64-pokysdk-linux/usr/libexec/aarch64-poky-linux/gcc/aarch64-poky-linux/5.3.0/liblto_plugin.so -plugin-opt=/export/tmp/4205_37/opt/poky/sysroots/x86_64-pokysdk-linux/usr/libexec/aarch64-poky-linux/gcc/aarch64-poky-linux/5.3.0/lto-wrapper -plugin-opt=-fresolution=/tmp/ccsKZfCr.res -plugin-opt=-pass-through=-lgcc_s -plugin-opt=-pass-through=-lgcc -plugin-opt=-pass-through=-lc -plugin-opt=-pass-through=-lgcc_s -plugin-opt=-pass-through=-lgcc --sysroot=/export/tmp/4205_37/opt/poky/sysroots/aarch64-poky-linux --build-id --eh-frame-hdr --hash-style=gnu -dynamic-linker /lib/ld-linux-aarch64.so.1 -X -EL -maarch64linux -o cmTC_fa001 /export/tmp/4205_37/opt/poky/sysroots/aarch64-poky-linux/usr/lib/crt1.o /export/tmp/4205_37/opt/poky/sysroots/aarch64-poky-linux/usr/lib/crti.o /export/tmp/4205_37/opt/poky/sysroots/aarch64-poky-linux/usr/lib/aarch64-poky-linux/5.3.0/crtbegin.o -L/export/tmp/4205_37/opt/poky/sysroots/x86_64-pokysdk-linux/usr/lib/aarch64-poky-linux/gcc/aarch64-poky-linux/5.3.0 -L/export/tmp/4205_37/opt/poky/sysroots/aarch64-poky-linux/lib -L/export/tmp/4205_37/opt/poky/sysroots/aarch64-poky-linux/usr/lib/aarch64-poky-linux/5.3.0 -L/export/tmp/4205_37/opt/poky/sysroots/aarch64-poky-linux/usr/lib -O1 --hash-style=gnu --as-needed CMakeFiles/cmTC_fa001.dir/CMakeCXXCompilerABI.cpp.o -lstdc++ -lm -lgcc_s -lgcc -lc -lgcc_s -lgcc /export/tmp/4205_37/opt/poky/sysroots/aarch64-poky-linux/usr/lib/aarch64-poky-linux/5.3.0/crtend.o /export/tmp/4205_37/opt/poky/sysroots/aarch64-poky-linux/usr/lib/crtn.o]
    arg [/export/tmp/4205_37/opt/poky/sysroots/x86_64-pokysdk-linux/usr/libexec/aarch64-poky-linux/gcc/aarch64-poky-linux/5.3.0/collect2] ==> ignore
    arg [-plugin] ==> ignore
    arg [/export/tmp/4205_37/opt/poky/sysroots/x86_64-pokysdk-linux/usr/libexec/aarch64-poky-linux/gcc/aarch64-poky-linux/5.3.0/liblto_plugin.so] ==> ignore
    arg [-plugin-opt=/export/tmp/4205_37/opt/poky/sysroots/x86_64-pokysdk-linux/usr/libexec/aarch64-poky-linux/gcc/aarch64-poky-linux/5.3.0/lto-wrapper] ==> ignore
    arg [-plugin-opt=-fresolution=/tmp/ccsKZfCr.res] ==> ignore
    arg [-plugin-opt=-pass-through=-lgcc_s] ==> ignore
    arg [-plugin-opt=-pass-through=-lgcc] ==> ignore
    arg [-plugin-opt=-pass-through=-lc] ==> ignore
    arg [-plugin-opt=-pass-through=-lgcc_s] ==> ignore
    arg [-plugin-opt=-pass-through=-lgcc] ==> ignore
    arg [--sysroot=/export/tmp/4205_37/opt/poky/sysroots/aarch64-poky-linux] ==> ignore
    arg [--build-id] ==> ignore
    arg [--eh-frame-hdr] ==> ignore
    arg [--hash-style=gnu] ==> ignore
    arg [-dynamic-linker] ==> ignore
    arg [/lib/ld-linux-aarch64.so.1] ==> ignore
    arg [-X] ==> ignore
    arg [-EL] ==> ignore
    arg [-maarch64linux] ==> ignore
    arg [-o] ==> ignore
    arg [cmTC_fa001] ==> ignore
    arg [/export/tmp/4205_37/opt/poky/sysroots/aarch64-poky-linux/usr/lib/crt1.o] ==> ignore
    arg [/export/tmp/4205_37/opt/poky/sysroots/aarch64-poky-linux/usr/lib/crti.o] ==> ignore
    arg [/export/tmp/4205_37/opt/poky/sysroots/aarch64-poky-linux/usr/lib/aarch64-poky-linux/5.3.0/crtbegin.o] ==> ignore
    arg [-L/export/tmp/4205_37/opt/poky/sysroots/x86_64-pokysdk-linux/usr/lib/aarch64-poky-linux/gcc/aarch64-poky-linux/5.3.0] ==> dir [/export/tmp/4205_37/opt/poky/sysroots/x86_64-pokysdk-linux/usr/lib/aarch64-poky-linux/gcc/aarch64-poky-linux/5.3.0]
    arg [-L/export/tmp/4205_37/opt/poky/sysroots/aarch64-poky-linux/lib] ==> dir [/export/tmp/4205_37/opt/poky/sysroots/aarch64-poky-linux/lib]
    arg [-L/export/tmp/4205_37/opt/poky/sysroots/aarch64-poky-linux/usr/lib/aarch64-poky-linux/5.3.0] ==> dir [/export/tmp/4205_37/opt/poky/sysroots/aarch64-poky-linux/usr/lib/aarch64-poky-linux/5.3.0]
    arg [-L/export/tmp/4205_37/opt/poky/sysroots/aarch64-poky-linux/usr/lib] ==> dir [/export/tmp/4205_37/opt/poky/sysroots/aarch64-poky-linux/usr/lib]
    arg [-O1] ==> ignore
    arg [--hash-style=gnu] ==> ignore
    arg [--as-needed] ==> ignore
    arg [CMakeFiles/cmTC_fa001.dir/CMakeCXXCompilerABI.cpp.o] ==> ignore
    arg [-lstdc++] ==> lib [stdc++]
    arg [-lm] ==> lib [m]
    arg [-lgcc_s] ==> lib [gcc_s]
    arg [-lgcc] ==> lib [gcc]
    arg [-lc] ==> lib [c]
    arg [-lgcc_s] ==> lib [gcc_s]
    arg [-lgcc] ==> lib [gcc]
    arg [/export/tmp/4205_37/opt/poky/sysroots/aarch64-poky-linux/usr/lib/aarch64-poky-linux/5.3.0/crtend.o] ==> ignore
    arg [/export/tmp/4205_37/opt/poky/sysroots/aarch64-poky-linux/usr/lib/crtn.o] ==> ignore
  remove lib [gcc_s]
  remove lib [gcc]
  remove lib [gcc_s]
  remove lib [gcc]
  collapse library dir [/export/tmp/4205_37/opt/poky/sysroots/x86_64-pokysdk-linux/usr/lib/aarch64-poky-linux/gcc/aarch64-poky-linux/5.3.0] ==> [/export/tmp/4205_37/opt/poky/sysroots/x86_64-pokysdk-linux/usr/lib/aarch64-poky-linux/gcc/aarch64-poky-linux/5.3.0]
  collapse library dir [/export/tmp/4205_37/opt/poky/sysroots/aarch64-poky-linux/lib] ==> [/export/tmp/4205_37/opt/poky/sysroots/aarch64-poky-linux/lib]
  collapse library dir [/export/tmp/4205_37/opt/poky/sysroots/aarch64-poky-linux/usr/lib/aarch64-poky-linux/5.3.0] ==> [/export/tmp/4205_37/opt/poky/sysroots/aarch64-poky-linux/usr/lib/aarch64-poky-linux/5.3.0]
  collapse library dir [/export/tmp/4205_37/opt/poky/sysroots/aarch64-poky-linux/usr/lib] ==> [/export/tmp/4205_37/opt/poky/sysroots/aarch64-poky-linux/usr/lib]
  implicit libs: [stdc++;m;c]
  implicit dirs: [/export/tmp/4205_37/opt/poky/sysroots/x86_64-pokysdk-linux/usr/lib/aarch64-poky-linux/gcc/aarch64-poky-linux/5.3.0;/export/tmp/4205_37/opt/poky/sysroots/aarch64-poky-linux/lib;/export/tmp/4205_37/opt/poky/sysroots/aarch64-poky-linux/usr/lib/aarch64-poky-linux/5.3.0;/export/tmp/4205_37/opt/poky/sysroots/aarch64-poky-linux/usr/lib]
  implicit fwks: []




Detecting CXX [-std=c++14] compiler features compiled with the following output:
Change Dir: /export/tmp/4205_37/Projet/ele4205_projet_aut2021_37/debug_oc2/CMakeFiles/CMakeTmp

Run Build Command:"/bin/gmake" "cmTC_3478a/fast"
/bin/gmake -f CMakeFiles/cmTC_3478a.dir/build.make CMakeFiles/cmTC_3478a.dir/build
gmake[1]: Entering directory `/export/tmp/4205_37/Projet/ele4205_projet_aut2021_37/debug_oc2/CMakeFiles/CMakeTmp'
Building CXX object CMakeFiles/cmTC_3478a.dir/feature_tests.cxx.o
/export/tmp/4205_37/opt/poky/sysroots/x86_64-pokysdk-linux/usr/bin/aarch64-poky-linux/aarch64-poky-linux-g++   --sysroot=/export/tmp/4205_37/opt/poky/sysroots/aarch64-poky-linux    -O2 -pipe -g -feliminate-unused-debug-types     -std=c++14 -o CMakeFiles/cmTC_3478a.dir/feature_tests.cxx.o -c /export/tmp/4205_37/Projet/ele4205_projet_aut2021_37/debug_oc2/CMakeFiles/feature_tests.cxx
Linking CXX executable cmTC_3478a
/export/tmp/4205_37/opt/poky/sysroots/x86_64-pokysdk-linux/usr/bin/cmake -E cmake_link_script CMakeFiles/cmTC_3478a.dir/link.txt --verbose=1
/export/tmp/4205_37/opt/poky/sysroots/x86_64-pokysdk-linux/usr/bin/aarch64-poky-linux/aarch64-poky-linux-g++   --sysroot=/export/tmp/4205_37/opt/poky/sysroots/aarch64-poky-linux   -O2 -pipe -g -feliminate-unused-debug-types     -Wl,-O1 -Wl,--hash-style=gnu -Wl,--as-needed  CMakeFiles/cmTC_3478a.dir/feature_tests.cxx.o  -o cmTC_3478a 
gmake[1]: Leaving directory `/export/tmp/4205_37/Projet/ele4205_projet_aut2021_37/debug_oc2/CMakeFiles/CMakeTmp'


    Feature record: CXX_FEATURE:1cxx_aggregate_default_initializers
    Feature record: CXX_FEATURE:1cxx_alias_templates
    Feature record: CXX_FEATURE:1cxx_alignas
    Feature record: CXX_FEATURE:1cxx_alignof
    Feature record: CXX_FEATURE:1cxx_attributes
    Feature record: CXX_FEATURE:1cxx_attribute_deprecated
    Feature record: CXX_FEATURE:1cxx_auto_type
    Feature record: CXX_FEATURE:1cxx_binary_literals
    Feature record: CXX_FEATURE:1cxx_constexpr
    Feature record: CXX_FEATURE:1cxx_contextual_conversions
    Feature record: CXX_FEATURE:1cxx_decltype
    Feature record: CXX_FEATURE:1cxx_decltype_auto
    Feature record: CXX_FEATURE:1cxx_decltype_incomplete_return_types
    Feature record: CXX_FEATURE:1cxx_default_function_template_args
    Feature record: CXX_FEATURE:1cxx_defaulted_functions
    Feature record: CXX_FEATURE:1cxx_defaulted_move_initializers
    Feature record: CXX_FEATURE:1cxx_delegating_constructors
    Feature record: CXX_FEATURE:1cxx_deleted_functions
    Feature record: CXX_FEATURE:1cxx_digit_separators
    Feature record: CXX_FEATURE:1cxx_enum_forward_declarations
    Feature record: CXX_FEATURE:1cxx_explicit_conversions
    Feature record: CXX_FEATURE:1cxx_extended_friend_declarations
    Feature record: CXX_FEATURE:1cxx_extern_templates
    Feature record: CXX_FEATURE:1cxx_final
    Feature record: CXX_FEATURE:1cxx_func_identifier
    Feature record: CXX_FEATURE:1cxx_generalized_initializers
    Feature record: CXX_FEATURE:1cxx_generic_lambdas
    Feature record: CXX_FEATURE:1cxx_inheriting_constructors
    Feature record: CXX_FEATURE:1cxx_inline_namespaces
    Feature record: CXX_FEATURE:1cxx_lambdas
    Feature record: CXX_FEATURE:1cxx_lambda_init_captures
    Feature record: CXX_FEATURE:1cxx_local_type_template_args
    Feature record: CXX_FEATURE:1cxx_long_long_type
    Feature record: CXX_FEATURE:1cxx_noexcept
    Feature record: CXX_FEATURE:1cxx_nonstatic_member_init
    Feature record: CXX_FEATURE:1cxx_nullptr
    Feature record: CXX_FEATURE:1cxx_override
    Feature record: CXX_FEATURE:1cxx_range_for
    Feature record: CXX_FEATURE:1cxx_raw_string_literals
    Feature record: CXX_FEATURE:1cxx_reference_qualified_functions
    Feature record: CXX_FEATURE:1cxx_relaxed_constexpr
    Feature record: CXX_FEATURE:1cxx_return_type_deduction
    Feature record: CXX_FEATURE:1cxx_right_angle_brackets
    Feature record: CXX_FEATURE:1cxx_rvalue_references
    Feature record: CXX_FEATURE:1cxx_sizeof_member
    Feature record: CXX_FEATURE:1cxx_static_assert
    Feature record: CXX_FEATURE:1cxx_strong_enums
    Feature record: CXX_FEATURE:1cxx_template_template_parameters
    Feature record: CXX_FEATURE:1cxx_thread_local
    Feature record: CXX_FEATURE:1cxx_trailing_return_types
    Feature record: CXX_FEATURE:1cxx_unicode_literals
    Feature record: CXX_FEATURE:1cxx_uniform_initialization
    Feature record: CXX_FEATURE:1cxx_unrestricted_unions
    Feature record: CXX_FEATURE:1cxx_user_literals
    Feature record: CXX_FEATURE:1cxx_variable_templates
    Feature record: CXX_FEATURE:1cxx_variadic_macros
    Feature record: CXX_FEATURE:1cxx_variadic_templates


Detecting CXX [-std=c++11] compiler features compiled with the following output:
Change Dir: /export/tmp/4205_37/Projet/ele4205_projet_aut2021_37/debug_oc2/CMakeFiles/CMakeTmp

Run Build Command:"/bin/gmake" "cmTC_4d0ac/fast"
/bin/gmake -f CMakeFiles/cmTC_4d0ac.dir/build.make CMakeFiles/cmTC_4d0ac.dir/build
gmake[1]: Entering directory `/export/tmp/4205_37/Projet/ele4205_projet_aut2021_37/debug_oc2/CMakeFiles/CMakeTmp'
Building CXX object CMakeFiles/cmTC_4d0ac.dir/feature_tests.cxx.o
/export/tmp/4205_37/opt/poky/sysroots/x86_64-pokysdk-linux/usr/bin/aarch64-poky-linux/aarch64-poky-linux-g++   --sysroot=/export/tmp/4205_37/opt/poky/sysroots/aarch64-poky-linux    -O2 -pipe -g -feliminate-unused-debug-types     -std=c++11 -o CMakeFiles/cmTC_4d0ac.dir/feature_tests.cxx.o -c /export/tmp/4205_37/Projet/ele4205_projet_aut2021_37/debug_oc2/CMakeFiles/feature_tests.cxx
Linking CXX executable cmTC_4d0ac
/export/tmp/4205_37/opt/poky/sysroots/x86_64-pokysdk-linux/usr/bin/cmake -E cmake_link_script CMakeFiles/cmTC_4d0ac.dir/link.txt --verbose=1
/export/tmp/4205_37/opt/poky/sysroots/x86_64-pokysdk-linux/usr/bin/aarch64-poky-linux/aarch64-poky-linux-g++   --sysroot=/export/tmp/4205_37/opt/poky/sysroots/aarch64-poky-linux   -O2 -pipe -g -feliminate-unused-debug-types     -Wl,-O1 -Wl,--hash-style=gnu -Wl,--as-needed  CMakeFiles/cmTC_4d0ac.dir/feature_tests.cxx.o  -o cmTC_4d0ac 
gmake[1]: Leaving directory `/export/tmp/4205_37/Projet/ele4205_projet_aut2021_37/debug_oc2/CMakeFiles/CMakeTmp'


    Feature record: CXX_FEATURE:0cxx_aggregate_default_initializers
    Feature record: CXX_FEATURE:1cxx_alias_templates
    Feature record: CXX_FEATURE:1cxx_alignas
    Feature record: CXX_FEATURE:1cxx_alignof
    Feature record: CXX_FEATURE:1cxx_attributes
    Feature record: CXX_FEATURE:0cxx_attribute_deprecated
    Feature record: CXX_FEATURE:1cxx_auto_type
    Feature record: CXX_FEATURE:0cxx_binary_literals
    Feature record: CXX_FEATURE:1cxx_constexpr
    Feature record: CXX_FEATURE:0cxx_contextual_conversions
    Feature record: CXX_FEATURE:1cxx_decltype
    Feature record: CXX_FEATURE:0cxx_decltype_auto
    Feature record: CXX_FEATURE:1cxx_decltype_incomplete_return_types
    Feature record: CXX_FEATURE:1cxx_default_function_template_args
    Feature record: CXX_FEATURE:1cxx_defaulted_functions
    Feature record: CXX_FEATURE:1cxx_defaulted_move_initializers
    Feature record: CXX_FEATURE:1cxx_delegating_constructors
    Feature record: CXX_FEATURE:1cxx_deleted_functions
    Feature record: CXX_FEATURE:0cxx_digit_separators
    Feature record: CXX_FEATURE:1cxx_enum_forward_declarations
    Feature record: CXX_FEATURE:1cxx_explicit_conversions
    Feature record: CXX_FEATURE:1cxx_extended_friend_declarations
    Feature record: CXX_FEATURE:1cxx_extern_templates
    Feature record: CXX_FEATURE:1cxx_final
    Feature record: CXX_FEATURE:1cxx_func_identifier
    Feature record: CXX_FEATURE:1cxx_generalized_initializers
    Feature record: CXX_FEATURE:0cxx_generic_lambdas
    Feature record: CXX_FEATURE:1cxx_inheriting_constructors
    Feature record: CXX_FEATURE:1cxx_inline_namespaces
    Feature record: CXX_FEATURE:1cxx_lambdas
    Feature record: CXX_FEATURE:0cxx_lambda_init_captures
    Feature record: CXX_FEATURE:1cxx_local_type_template_args
    Feature record: CXX_FEATURE:1cxx_long_long_type
    Feature record: CXX_FEATURE:1cxx_noexcept
    Feature record: CXX_FEATURE:1cxx_nonstatic_member_init
    Feature record: CXX_FEATURE:1cxx_nullptr
    Feature record: CXX_FEATURE:1cxx_override
    Feature record: CXX_FEATURE:1cxx_range_for
    Feature record: CXX_FEATURE:1cxx_raw_string_literals
    Feature record: CXX_FEATURE:1cxx_reference_qualified_functions
    Feature record: CXX_FEATURE:0cxx_relaxed_constexpr
    Feature record: CXX_FEATURE:0cxx_return_type_deduction
    Feature record: CXX_FEATURE:1cxx_right_angle_brackets
    Feature record: CXX_FEATURE:1cxx_rvalue_references
    Feature record: CXX_FEATURE:1cxx_sizeof_member
    Feature record: CXX_FEATURE:1cxx_static_assert
    Feature record: CXX_FEATURE:1cxx_strong_enums
    Feature record: CXX_FEATURE:1cxx_template_template_parameters
    Feature record: CXX_FEATURE:1cxx_thread_local
    Feature record: CXX_FEATURE:1cxx_trailing_return_types
    Feature record: CXX_FEATURE:1cxx_unicode_literals
    Feature record: CXX_FEATURE:1cxx_uniform_initialization
    Feature record: CXX_FEATURE:1cxx_unrestricted_unions
    Feature record: CXX_FEATURE:1cxx_user_literals
    Feature record: CXX_FEATURE:0cxx_variable_templates
    Feature record: CXX_FEATURE:1cxx_variadic_macros
    Feature record: CXX_FEATURE:1cxx_variadic_templates


Detecting CXX [-std=c++98] compiler features compiled with the following output:
Change Dir: /export/tmp/4205_37/Projet/ele4205_projet_aut2021_37/debug_oc2/CMakeFiles/CMakeTmp

Run Build Command:"/bin/gmake" "cmTC_a078c/fast"
/bin/gmake -f CMakeFiles/cmTC_a078c.dir/build.make CMakeFiles/cmTC_a078c.dir/build
gmake[1]: Entering directory `/export/tmp/4205_37/Projet/ele4205_projet_aut2021_37/debug_oc2/CMakeFiles/CMakeTmp'
Building CXX object CMakeFiles/cmTC_a078c.dir/feature_tests.cxx.o
/export/tmp/4205_37/opt/poky/sysroots/x86_64-pokysdk-linux/usr/bin/aarch64-poky-linux/aarch64-poky-linux-g++   --sysroot=/export/tmp/4205_37/opt/poky/sysroots/aarch64-poky-linux    -O2 -pipe -g -feliminate-unused-debug-types     -std=c++98 -o CMakeFiles/cmTC_a078c.dir/feature_tests.cxx.o -c /export/tmp/4205_37/Projet/ele4205_projet_aut2021_37/debug_oc2/CMakeFiles/feature_tests.cxx
Linking CXX executable cmTC_a078c
/export/tmp/4205_37/opt/poky/sysroots/x86_64-pokysdk-linux/usr/bin/cmake -E cmake_link_script CMakeFiles/cmTC_a078c.dir/link.txt --verbose=1
/export/tmp/4205_37/opt/poky/sysroots/x86_64-pokysdk-linux/usr/bin/aarch64-poky-linux/aarch64-poky-linux-g++   --sysroot=/export/tmp/4205_37/opt/poky/sysroots/aarch64-poky-linux   -O2 -pipe -g -feliminate-unused-debug-types     -Wl,-O1 -Wl,--hash-style=gnu -Wl,--as-needed  CMakeFiles/cmTC_a078c.dir/feature_tests.cxx.o  -o cmTC_a078c 
gmake[1]: Leaving directory `/export/tmp/4205_37/Projet/ele4205_projet_aut2021_37/debug_oc2/CMakeFiles/CMakeTmp'


    Feature record: CXX_FEATURE:0cxx_aggregate_default_initializers
    Feature record: CXX_FEATURE:0cxx_alias_templates
    Feature record: CXX_FEATURE:0cxx_alignas
    Feature record: CXX_FEATURE:0cxx_alignof
    Feature record: CXX_FEATURE:0cxx_attributes
    Feature record: CXX_FEATURE:0cxx_attribute_deprecated
    Feature record: CXX_FEATURE:0cxx_auto_type
    Feature record: CXX_FEATURE:0cxx_binary_literals
    Feature record: CXX_FEATURE:0cxx_constexpr
    Feature record: CXX_FEATURE:0cxx_contextual_conversions
    Feature record: CXX_FEATURE:0cxx_decltype
    Feature record: CXX_FEATURE:0cxx_decltype_auto
    Feature record: CXX_FEATURE:0cxx_decltype_incomplete_return_types
    Feature record: CXX_FEATURE:0cxx_default_function_template_args
    Feature record: CXX_FEATURE:0cxx_defaulted_functions
    Feature record: CXX_FEATURE:0cxx_defaulted_move_initializers
    Feature record: CXX_FEATURE:0cxx_delegating_constructors
    Feature record: CXX_FEATURE:0cxx_deleted_functions
    Feature record: CXX_FEATURE:0cxx_digit_separators
    Feature record: CXX_FEATURE:0cxx_enum_forward_declarations
    Feature record: CXX_FEATURE:0cxx_explicit_conversions
    Feature record: CXX_FEATURE:0cxx_extended_friend_declarations
    Feature record: CXX_FEATURE:0cxx_extern_templates
    Feature record: CXX_FEATURE:0cxx_final
    Feature record: CXX_FEATURE:0cxx_func_identifier
    Feature record: CXX_FEATURE:0cxx_generalized_initializers
    Feature record: CXX_FEATURE:0cxx_generic_lambdas
    Feature record: CXX_FEATURE:0cxx_inheriting_constructors
    Feature record: CXX_FEATURE:0cxx_inline_namespaces
    Feature record: CXX_FEATURE:0cxx_lambdas
    Feature record: CXX_FEATURE:0cxx_lambda_init_captures
    Feature record: CXX_FEATURE:0cxx_local_type_template_args
    Feature record: CXX_FEATURE:0cxx_long_long_type
    Feature record: CXX_FEATURE:0cxx_noexcept
    Feature record: CXX_FEATURE:0cxx_nonstatic_member_init
    Feature record: CXX_FEATURE:0cxx_nullptr
    Feature record: CXX_FEATURE:0cxx_override
    Feature record: CXX_FEATURE:0cxx_range_for
    Feature record: CXX_FEATURE:0cxx_raw_string_literals
    Feature record: CXX_FEATURE:0cxx_reference_qualified_functions
    Feature record: CXX_FEATURE:0cxx_relaxed_constexpr
    Feature record: CXX_FEATURE:0cxx_return_type_deduction
    Feature record: CXX_FEATURE:0cxx_right_angle_brackets
    Feature record: CXX_FEATURE:0cxx_rvalue_references
    Feature record: CXX_FEATURE:0cxx_sizeof_member
    Feature record: CXX_FEATURE:0cxx_static_assert
    Feature record: CXX_FEATURE:0cxx_strong_enums
    Feature record: CXX_FEATURE:1cxx_template_template_parameters
    Feature record: CXX_FEATURE:0cxx_thread_local
    Feature record: CXX_FEATURE:0cxx_trailing_return_types
    Feature record: CXX_FEATURE:0cxx_unicode_literals
    Feature record: CXX_FEATURE:0cxx_uniform_initialization
    Feature record: CXX_FEATURE:0cxx_unrestricted_unions
    Feature record: CXX_FEATURE:0cxx_user_literals
    Feature record: CXX_FEATURE:0cxx_variable_templates
    Feature record: CXX_FEATURE:0cxx_variadic_macros
    Feature record: CXX_FEATURE:0cxx_variadic_templates
The system is: Linux - 3.10.0-1160.42.2.el7.x86_64 - x86_64
